2018-12-09 21:29:45.845  WARN 12252 --- [main] ory$DuplicateJsonObjectContextCustomizer : 

Found multiple occurrences of org.json.JSONObject on the class path:

	jar:file:/C:/Users/lengyan/.m2/repository/com/vaadin/external/google/android-json/0.0.20131108.vaadin1/android-json-0.0.20131108.vaadin1.jar!/org/json/JSONObject.class
	jar:file:/C:/Users/lengyan/.m2/repository/org/json/json/20160212/json-20160212.jar!/org/json/JSONObject.class

You may wish to exclude one of them to ensure predictable runtime behavior

2018-12-09 21:29:45.863  INFO 12252 --- [main] com.lengyan.lyblog.ApplicationTests      : Starting ApplicationTests on LAPTOP-5CV0S9OB with PID 12252 (started by lengyan in F:\kingkang\workspace\ly_blog\ly_blog)
2018-12-09 21:29:45.864  INFO 12252 --- [main] com.lengyan.lyblog.ApplicationTests      : No active profile set, falling back to default profiles: default
2018-12-09 21:29:46.861  INFO 12252 --- [main] .s.d.r.c.RepositoryConfigurationDelegate : Bootstrapping Spring Data repositories in DEFAULT mode.
2018-12-09 21:29:47.013  INFO 12252 --- [main] .s.d.r.c.RepositoryConfigurationDelegate : Finished Spring Data repository scanning in 146ms. Found 11 repository interfaces.
2018-12-09 21:29:47.515  INFO 12252 --- [main] trationDelegate$BeanPostProcessorChecker : Bean 'org.springframework.transaction.annotation.ProxyTransactionManagementConfiguration' of type [org.springframework.transaction.annotation.ProxyTransactionManagementConfiguration$$EnhancerBySpringCGLIB$$81d28fde] is not eligible for getting processed by all BeanPostProcessors (for example: not eligible for auto-proxying)
2018-12-09 21:29:47.836  INFO 12252 --- [main] com.zaxxer.hikari.HikariDataSource       : HikariPool-1 - Starting...
2018-12-09 21:29:48.135  INFO 12252 --- [main] com.zaxxer.hikari.HikariDataSource       : HikariPool-1 - Start completed.
2018-12-09 21:29:48.306  INFO 12252 --- [main] o.hibernate.jpa.internal.util.LogHelper  : HHH000204: Processing PersistenceUnitInfo [
	name: default
	...]
2018-12-09 21:29:48.379  INFO 12252 --- [main] org.hibernate.Version                    : HHH000412: Hibernate Core {5.3.7.Final}
2018-12-09 21:29:48.380  INFO 12252 --- [main] org.hibernate.cfg.Environment            : HHH000206: hibernate.properties not found
2018-12-09 21:29:48.522  INFO 12252 --- [main] o.hibernate.annotations.common.Version   : HCANN000001: Hibernate Commons Annotations {5.0.4.Final}
2018-12-09 21:29:48.979  INFO 12252 --- [main] org.hibernate.dialect.Dialect            : HHH000400: Using dialect: org.hibernate.dialect.MySQL5Dialect
2018-12-09 21:29:50.744  INFO 12252 --- [main] j.LocalContainerEntityManagerFactoryBean : Initialized JPA EntityManagerFactory for persistence unit 'default'
2018-12-09 21:29:51.660  INFO 12252 --- [main] o.h.h.i.QueryTranslatorFactoryInitiator  : HHH000397: Using ASTQueryTranslatorFactory
2018-12-09 21:29:52.205  WARN 12252 --- [main] aWebConfiguration$JpaWebMvcConfiguration : spring.jpa.open-in-view is enabled by default. Therefore, database queries may be performed during view rendering. Explicitly configure spring.jpa.open-in-view to disable this warning
2018-12-09 21:29:53.280  INFO 12252 --- [main] com.lengyan.lyblog.ApplicationTests      : Started ApplicationTests in 7.807 seconds (JVM running for 8.681)
2018-12-09 21:29:53.786  INFO 12252 --- [Thread-3] j.LocalContainerEntityManagerFactoryBean : Closing JPA EntityManagerFactory for persistence unit 'default'
2018-12-09 21:29:53.790  INFO 12252 --- [Thread-3] com.zaxxer.hikari.HikariDataSource       : HikariPool-1 - Shutdown initiated...
2018-12-09 21:29:53.802  INFO 12252 --- [Thread-3] com.zaxxer.hikari.HikariDataSource       : HikariPool-1 - Shutdown completed.
